INFO::geocoder::Unexpected error: 'NoneType' object has no attribute 'latitude' for kimbark between 51st & 52nd
INFO::geocoder::Unexpected error: 'NoneType' object has no attribute 'latitude' for kimbark between 51st & 52nd
INFO::geocoder::Unexpected error: 'NoneType' object has no attribute 'latitude' for kimbark between 51st & 52nd
INFO::geocoder::Unexpected error: 'NoneType' object has no attribute 'latitude' for kimbark between 51st & 52nd
INFO::geocoder::expected string or bytes-like object::nan
INFO::geocoder::expected string or bytes-like object::nan
INFO::geocoder::expected string or bytes-like object::nan
INFO::geocoder::expected string or bytes-like object::nan
INFO::geocoder::expected string or bytes-like object::nan
INFO::geocoder::expected string or bytes-like object::nan
INFO::geocoder::expected string or bytes-like object::nan
INFO::geocoder::expected string or bytes-like object::nan
INFO::geocoder::expected string or bytes-like object::nan
INFO::geocoder::expected string or bytes-like object::nan
INFO::geocoder::expected string or bytes-like object::nan
INFO::geocoder::expected string or bytes-like object::nan
INFO::geocoder::expected string or bytes-like object::nan
INFO::geocoder::expected string or bytes-like object::nan
INFO::geocoder::expected string or bytes-like object::nan
INFO::geocoder::expected string or bytes-like object::nan
INFO::geocoder::expected string or bytes-like object::nan
INFO::geocoder::expected string or bytes-like object::nan
INFO::geocoder::expected string or bytes-like object::nan
INFO::geocoder::expected string or bytes-like object::nan
INFO::geocoder::expected string or bytes-like object::nan
INFO::geocoder::expected string or bytes-like object::nan
INFO::geocoder::expected string or bytes-like object::nan
INFO::geocoder::expected string or bytes-like object::nan
INFO::geocoder::expected string or bytes-like object::nan
INFO::geocoder::expected string or bytes-like object::nan
INFO::geocoder::expected string or bytes-like object::nan
INFO::geocoder::expected string or bytes-like object::nan
INFO::geocoder::expected string or bytes-like object::nan
INFO::geocoder::expected string or bytes-like object::nan
INFO::geocoder::expected string or bytes-like object::nan
INFO::geocoder::expected string or bytes-like object::nan
INFO::geocoder::expected string or bytes-like object::nan
INFO::geocoder::expected string or bytes-like object::nan
INFO::geocoder::expected string or bytes-like object::nan
INFO::geocoder::expected string or bytes-like object::nan
INFO::geocoder::expected string or bytes-like object::nan
INFO::geocoder::expected string or bytes-like object::nan
INFO::geocoder::expected string or bytes-like object::nan
INFO::geocoder::expected string or bytes-like object::nan
INFO::geocoder::expected string or bytes-like object::nan
INFO::geocoder::Unexpected error: 'NoneType' object has no attribute 'latitude' for 56th between maryl &  & drexel
INFO::geocoder::expected string or bytes-like object::nan
INFO::geocoder::expected string or bytes-like object::nan
INFO::geocoder::expected string or bytes-like object::nan
INFO::geocoder::expected string or bytes-like object::nan
INFO::geocoder::expected string or bytes-like object::nan
INFO::geocoder::expected string or bytes-like object::nan
INFO::geocoder::expected string or bytes-like object::nan
INFO::geocoder::expected string or bytes-like object::nan
INFO::geocoder::expected string or bytes-like object::nan
INFO::geocoder::expected string or bytes-like object::nan
INFO::geocoder::expected string or bytes-like object::nan
INFO::geocoder::expected string or bytes-like object::nan
INFO::geocoder::expected string or bytes-like object::nan
INFO::geocoder::expected string or bytes-like object::nan
INFO::geocoder::expected string or bytes-like object::nan
INFO::geocoder::Unexpected error: 'NoneType' object has no attribute 'latitude' for 50th pl. between cornell & east end
INFO::geocoder::Unexpected error: 'NoneType' object has no attribute 'latitude' for 50th pl. between cornell  & east end
INFO::geocoder::expected string or bytes-like object::nan
INFO::geocoder::Unexpected error: 'NoneType' object has no attribute 'latitude' for 50th st. between cornell & east end
INFO::geocoder::Unexpected error: 'NoneType' object has no attribute 'latitude' for 50th pl. between cornell  & east end
INFO::geocoder::expected string or bytes-like object::nan
